#
# There is insufficient memory for the Java Runtime Environment to continue.
# Native memory allocation (malloc) failed to allocate 32744 bytes for ChunkPool::allocate
# Possible reasons:
#   The system is out of physical RAM or swap space
#   The process is running with CompressedOops enabled, and the Java Heap may be blocking the growth of the native heap
# Possible solutions:
#   Reduce memory load on the system
#   Increase physical memory or swap space
#   Check if swap backing store is full
#   Decrease Java heap size (-Xmx/-Xms)
#   Decrease number of Java threads
#   Decrease Java thread stack sizes (-Xss)
#   Set larger code cache with -XX:ReservedCodeCacheSize=
#   JVM is running with Unscaled Compressed Oops mode in which the Java heap is
#     placed in the first 4GB address space. The Java Heap base address is the
#     maximum limit for the native heap growth. Please use -XX:HeapBaseMinAddress
#     to set the Java Heap base and to place the Java Heap above 4GB virtual address.
# This output file may be truncated or incomplete.
#
#  Out of Memory Error (arena.cpp:79), pid=54556, tid=93284
#
# JRE version: OpenJDK Runtime Environment (16.0.1+9) (build 16.0.1+9-24)
# Java VM: OpenJDK 64-Bit Server VM (16.0.1+9-24, mixed mode, tiered, compressed oops, compressed class ptrs, g1 gc, windows-amd64)
# No core dump will be written. Minidumps are not enabled by default on client versions of Windows
#

---------------  S U M M A R Y ------------

Command Line: -Dfile.encoding=MS874 -XX:+ShowCodeDetailsInExceptionMessages WinBuilder.WinBuilder

Host: AMD Ryzen 5 2500U with Radeon Vega Mobile Gfx  , 8 cores, 6G,  Windows 10 , 64 bit Build 19041 (10.0.19041.1023)
Time: Sun Aug 15 17:37:40 2021 SE Asia Standard Time elapsed time: 0.797278 seconds (0d 0h 0m 0s)

---------------  T H R E A D  ---------------

Current thread (0x00000246be80c660):  JavaThread "C1 CompilerThread0" daemon [_thread_in_native, id=93284, stack(0x000000f78f800000,0x000000f78f900000)]


Current CompileTask:
C1:    797  760       3       javax.swing.UIDefaults$TextAndMnemonicHashMap::get (358 bytes)

Stack: [0x000000f78f800000,0x000000f78f900000]
Native frames: (J=compiled Java code, j=interpreted, Vv=VM code, C=native code)
V  [jvm.dll+0x6687ca]
V  [jvm.dll+0x7ca3c9]
V  [jvm.dll+0x7cbb53]
V  [jvm.dll+0x7cc1b3]
V  [jvm.dll+0x242ea5]
V  [jvm.dll+0xae25f]
V  [jvm.dll+0xae5ac]
V  [jvm.dll+0x11a565]
V  [jvm.dll+0x179199]
V  [jvm.dll+0x179783]
V  [jvm.dll+0x133373]
V  [jvm.dll+0x132c0f]
V  [jvm.dll+0x132e49]
V  [jvm.dll+0x1322af]
V  [jvm.dll+0x134071]
V  [jvm.dll+0x2253a8]
V  [jvm.dll+0x2233ec]
V  [jvm.dll+0x780002]
V  [jvm.dll+0x779b4a]
V  [jvm.dll+0x667666]
C  [ucrtbase.dll+0x21bb2]
C  [KERNEL32.DLL+0x17034]
C  [ntdll.dll+0x52651]


---------------  P R O C E S S  ---------------

Threads class SMR info:
_java_thread_list=0x00000246befe22a0, length=17, elements={
0x00000246bdd40010, 0x00000246bdd40ed0, 0x00000246bdd82020, 0x00000246bdd83940,
0x00000246bdd86360, 0x00000246be8006a0, 0x00000246be809d00, 0x00000246be80c660,
0x00000246be81fba0, 0x00000246be97c9e0, 0x00000246be97d480, 0x00000246be97d9d0,
0x00000246be97b9f0, 0x00000246be97a4b0, 0x00000246be97bf40, 0x00000246be97cf30,
0x00000246be97c490
}

Java Threads: ( => current thread )
  0x00000246bdd40010 JavaThread "Reference Handler" daemon [_thread_blocked, id=81520, stack(0x000000f78f100000,0x000000f78f200000)]
  0x00000246bdd40ed0 JavaThread "Finalizer" daemon [_thread_blocked, id=92768, stack(0x000000f78f200000,0x000000f78f300000)]
  0x00000246bdd82020 JavaThread "Signal Dispatcher" daemon [_thread_blocked, id=96944, stack(0x000000f78f300000,0x000000f78f400000)]
  0x00000246bdd83940 JavaThread "Attach Listener" daemon [_thread_blocked, id=64148, stack(0x000000f78f400000,0x000000f78f500000)]
  0x00000246bdd86360 JavaThread "Service Thread" daemon [_thread_blocked, id=86492, stack(0x000000f78f500000,0x000000f78f600000)]
  0x00000246be8006a0 JavaThread "Monitor Deflation Thread" daemon [_thread_blocked, id=85596, stack(0x000000f78f600000,0x000000f78f700000)]
  0x00000246be809d00 JavaThread "C2 CompilerThread0" daemon [_thread_blocked, id=66104, stack(0x000000f78f700000,0x000000f78f800000)]
=>0x00000246be80c660 JavaThread "C1 CompilerThread0" daemon [_thread_in_native, id=93284, stack(0x000000f78f800000,0x000000f78f900000)]
  0x00000246be81fba0 JavaThread "Sweeper thread" daemon [_thread_blocked, id=99036, stack(0x000000f78f900000,0x000000f78fa00000)]
  0x00000246be97c9e0 JavaThread "Notification Thread" daemon [_thread_blocked, id=84848, stack(0x000000f78fa00000,0x000000f78fb00000)]
  0x00000246be97d480 JavaThread "Common-Cleaner" daemon [_thread_blocked, id=87300, stack(0x000000f78fc00000,0x000000f78fd00000)]
  0x00000246be97d9d0 JavaThread "Java2D Disposer" daemon [_thread_blocked, id=86980, stack(0x000000f78fd00000,0x000000f78fe00000)]
  0x00000246be97b9f0 JavaThread "AWT-Shutdown" [_thread_blocked, id=97724, stack(0x000000f78fe00000,0x000000f78ff00000)]
  0x00000246be97a4b0 JavaThread "AWT-Windows" daemon [_thread_in_native, id=95452, stack(0x000000f78ff00000,0x000000f790000000)]
  0x00000246be97bf40 JavaThread "AWT-EventQueue-0" [_thread_in_vm, id=98580, stack(0x000000f790000000,0x000000f790100000)]
  0x00000246be97cf30 JavaThread "DestroyJavaVM" [_thread_blocked, id=94600, stack(0x000000f78ea00000,0x000000f78eb00000)]
  0x00000246be97c490 JavaThread "Image Fetcher 0" daemon [_thread_blocked, id=90008, stack(0x000000f790900000,0x000000f790a00000)]

Other Threads:
  0x00000246bdd201b0 VMThread "VM Thread" [stack: 0x000000f78f000000,0x000000f78f100000] [id=94940]
  0x00000246be980480 WatcherThread [stack: 0x000000f78fb00000,0x000000f78fc00000] [id=98680]
  0x00000246a4866530 GCTaskThread "GC Thread#0" [stack: 0x000000f78eb00000,0x000000f78ec00000] [id=96864]
  0x00000246a4876ba0 ConcurrentGCThread "G1 Main Marker" [stack: 0x000000f78ec00000,0x000000f78ed00000] [id=93264]
  0x00000246a4878620 ConcurrentGCThread "G1 Conc#0" [stack: 0x000000f78ed00000,0x000000f78ee00000] [id=61560]
  0x00000246a48f2930 ConcurrentGCThread "G1 Refine#0" [stack: 0x000000f78ee00000,0x000000f78ef00000] [id=94212]
  0x00000246a48f33b0 ConcurrentGCThread "G1 Service" [stack: 0x000000f78ef00000,0x000000f78f000000] [id=67404]

Threads with active compile tasks:
C1 CompilerThread0      831  760       3       javax.swing.UIDefaults$TextAndMnemonicHashMap::get (358 bytes)

VM state: not at safepoint (normal execution)

VM Mutex/Monitor currently owned by a thread:  ([mutex/lock_event])
[0x00000246a4822dd0] MetaspaceExpand_lock - owner thread: 0x00000246be97bf40

Heap address: 0x0000000090c00000, size: 1780 MB, Compressed Oops mode: 32-bit

CDS disabled.
Compressed class space mapped at: 0x0000000100000000-0x0000000140000000, reserved size: 1073741824
Narrow klass base: 0x0000000000000000, Narrow klass shift: 3, Narrow klass range: 0x140000000

GC Precious Log:
 CPUs: 8 total, 8 available
 Memory: 7116M
 Large Page Support: Disabled
 NUMA Support: Disabled
 Compressed Oops: Enabled (32-bit)
 Heap Region Size: 1M
 Heap Min Capacity: 8M
 Heap Initial Capacity: 112M
 Heap Max Capacity: 1780M
 Pre-touch: Disabled
 Parallel Workers: 8
 Concurrent Workers: 2
 Concurrent Refinement Workers: 8
 Periodic GC: Disabled

Heap:
 garbage-first heap   total 114688K, used 7168K [0x0000000090c00000, 0x0000000100000000)
  region size 1024K, 8 young (8192K), 0 survivors (0K)
 Metaspace       used 14841K, committed 14976K, reserved 1064960K
  class space    used 1495K, committed 1536K, reserved 1048576K

Heap Regions: E=young(eden), S=young(survivor), O=old, HS=humongous(starts), HC=humongous(continues), CS=collection set, F=free, OA=open archive, CA=closed archive, TAMS=top-at-mark-start (previous, next)
|   0|0x0000000090c00000, 0x0000000090c00000, 0x0000000090d00000|  0%| F|  |TAMS 0x0000000090c00000, 0x0000000090c00000| Untracked 
|   1|0x0000000090d00000, 0x0000000090d00000, 0x0000000090e00000|  0%| F|  |TAMS 0x0000000090d00000, 0x0000000090d00000| Untracked 
|   2|0x0000000090e00000, 0x0000000090e00000, 0x0000000090f00000|  0%| F|  |TAMS 0x0000000090e00000, 0x0000000090e00000| Untracked 
|   3|0x0000000090f00000, 0x0000000090f00000, 0x0000000091000000|  0%| F|  |TAMS 0x0000000090f00000, 0x0000000090f00000| Untracked 
|   4|0x0000000091000000, 0x0000000091000000, 0x0000000091100000|  0%| F|  |TAMS 0x0000000091000000, 0x0000000091000000| Untracked 
|   5|0x0000000091100000, 0x0000000091100000, 0x0000000091200000|  0%| F|  |TAMS 0x0000000091100000, 0x0000000091100000| Untracked 
|   6|0x0000000091200000, 0x0000000091200000, 0x0000000091300000|  0%| F|  |TAMS 0x0000000091200000, 0x0000000091200000| Untracked 
|   7|0x0000000091300000, 0x0000000091300000, 0x0000000091400000|  0%| F|  |TAMS 0x0000000091300000, 0x0000000091300000| Untracked 
|   8|0x0000000091400000, 0x0000000091400000, 0x0000000091500000|  0%| F|  |TAMS 0x0000000091400000, 0x0000000091400000| Untracked 
|   9|0x0000000091500000, 0x0000000091500000, 0x0000000091600000|  0%| F|  |TAMS 0x0000000091500000, 0x0000000091500000| Untracked 
|  10|0x0000000091600000, 0x0000000091600000, 0x0000000091700000|  0%| F|  |TAMS 0x0000000091600000, 0x0000000091600000| Untracked 
|  11|0x0000000091700000, 0x0000000091700000, 0x0000000091800000|  0%| F|  |TAMS 0x0000000091700000, 0x0000000091700000| Untracked 
|  12|0x0000000091800000, 0x0000000091800000, 0x0000000091900000|  0%| F|  |TAMS 0x0000000091800000, 0x0000000091800000| Untracked 
|  13|0x0000000091900000, 0x0000000091900000, 0x0000000091a00000|  0%| F|  |TAMS 0x0000000091900000, 0x0000000091900000| Untracked 
|  14|0x0000000091a00000, 0x0000000091a00000, 0x0000000091b00000|  0%| F|  |TAMS 0x0000000091a00000, 0x0000000091a00000| Untracked 
|  15|0x0000000091b00000, 0x0000000091b00000, 0x0000000091c00000|  0%| F|  |TAMS 0x0000000091b00000, 0x0000000091b00000| Untracked 
|  16|0x0000000091c00000, 0x0000000091c00000, 0x0000000091d00000|  0%| F|  |TAMS 0x0000000091c00000, 0x0000000091c00000| Untracked 
|  17|0x0000000091d00000, 0x0000000091d00000, 0x0000000091e00000|  0%| F|  |TAMS 0x0000000091d00000, 0x0000000091d00000| Untracked 
|  18|0x0000000091e00000, 0x0000000091e00000, 0x0000000091f00000|  0%| F|  |TAMS 0x0000000091e00000, 0x0000000091e00000| Untracked 
|  19|0x0000000091f00000, 0x0000000091f00000, 0x0000000092000000|  0%| F|  |TAMS 0x0000000091f00000, 0x0000000091f00000| Untracked 
|  20|0x0000000092000000, 0x0000000092000000, 0x0000000092100000|  0%| F|  |TAMS 0x0000000092000000, 0x0000000092000000| Untracked 
|  21|0x0000000092100000, 0x0000000092100000, 0x0000000092200000|  0%| F|  |TAMS 0x0000000092100000, 0x0000000092100000| Untracked 
|  22|0x0000000092200000, 0x0000000092200000, 0x0000000092300000|  0%| F|  |TAMS 0x0000000092200000, 0x0000000092200000| Untracked 
|  23|0x0000000092300000, 0x0000000092300000, 0x0000000092400000|  0%| F|  |TAMS 0x0000000092300000, 0x0000000092300000| Untracked 
|  24|0x0000000092400000, 0x0000000092400000, 0x0000000092500000|  0%| F|  |TAMS 0x0000000092400000, 0x0000000092400000| Untracked 
|  25|0x0000000092500000, 0x0000000092500000, 0x0000000092600000|  0%| F|  |TAMS 0x0000000092500000, 0x0000000092500000| Untracked 
|  26|0x0000000092600000, 0x0000000092600000, 0x0000000092700000|  0%| F|  |TAMS 0x0000000092600000, 0x0000000092600000| Untracked 
|  27|0x0000000092700000, 0x0000000092700000, 0x0000000092800000|  0%| F|  |TAMS 0x0000000092700000, 0x0000000092700000| Untracked 
|  28|0x0000000092800000, 0x0000000092800000, 0x0000000092900000|  0%| F|  |TAMS 0x0000000092800000, 0x0000000092800000| Untracked 
|  29|0x0000000092900000, 0x0000000092900000, 0x0000000092a00000|  0%| F|  |TAMS 0x0000000092900000, 0x0000000092900000| Untracked 
|  30|0x0000000092a00000, 0x0000000092a00000, 0x0000000092b00000|  0%| F|  |TAMS 0x0000000092a00000, 0x0000000092a00000| Untracked 
|  31|0x0000000092b00000, 0x0000000092b00000, 0x0000000092c00000|  0%| F|  |TAMS 0x0000000092b00000, 0x0000000092b00000| Untracked 
|  32|0x0000000092c00000, 0x0000000092c00000, 0x0000000092d00000|  0%| F|  |TAMS 0x0000000092c00000, 0x0000000092c00000| Untracked 
|  33|0x0000000092d00000, 0x0000000092d00000, 0x0000000092e00000|  0%| F|  |TAMS 0x0000000092d00000, 0x0000000092d00000| Untracked 
|  34|0x0000000092e00000, 0x0000000092e00000, 0x0000000092f00000|  0%| F|  |TAMS 0x0000000092e00000, 0x0000000092e00000| Untracked 
|  35|0x0000000092f00000, 0x0000000092f00000, 0x0000000093000000|  0%| F|  |TAMS 0x0000000092f00000, 0x0000000092f00000| Untracked 
|  36|0x0000000093000000, 0x0000000093000000, 0x0000000093100000|  0%| F|  |TAMS 0x0000000093000000, 0x0000000093000000| Untracked 
|  37|0x0000000093100000, 0x0000000093100000, 0x0000000093200000|  0%| F|  |TAMS 0x0000000093100000, 0x0000000093100000| Untracked 
|  38|0x0000000093200000, 0x0000000093200000, 0x0000000093300000|  0%| F|  |TAMS 0x0000000093200000, 0x0000000093200000| Untracked 
|  39|0x0000000093300000, 0x0000000093300000, 0x0000000093400000|  0%| F|  |TAMS 0x0000000093300000, 0x0000000093300000| Untracked 
|  40|0x0000000093400000, 0x0000000093400000, 0x0000000093500000|  0%| F|  |TAMS 0x0000000093400000, 0x0000000093400000| Untracked 
|  41|0x0000000093500000, 0x0000000093500000, 0x0000000093600000|  0%| F|  |TAMS 0x0000000093500000, 0x0000000093500000| Untracked 
|  42|0x0000000093600000, 0x0000000093600000, 0x0000000093700000|  0%| F|  |TAMS 0x0000000093600000, 0x0000000093600000| Untracked 
|  43|0x0000000093700000, 0x0000000093700000, 0x0000000093800000|  0%| F|  |TAMS 0x0000000093700000, 0x0000000093700000| Untracked 
|  44|0x0000000093800000, 0x0000000093800000, 0x0000000093900000|  0%| F|  |TAMS 0x0000000093800000, 0x0000000093800000| Untracked 
|  45|0x0000000093900000, 0x0000000093900000, 0x0000000093a00000|  0%| F|  |TAMS 0x0000000093900000, 0x0000000093900000| Untracked 
|  46|0x0000000093a00000, 0x0000000093a00000, 0x0000000093b00000|  0%| F|  |TAMS 0x0000000093a00000, 0x0000000093a00000| Untracked 
|  47|0x0000000093b00000, 0x0000000093b00000, 0x0000000093c00000|  0%| F|  |TAMS 0x0000000093b00000, 0x0000000093b00000| Untracked 
|  48|0x0000000093c00000, 0x0000000093c00000, 0x0000000093d00000|  0%| F|  |TAMS 0x0000000093c00000, 0x0000000093c00000| Untracked 
|  49|0x0000000093d00000, 0x0000000093d00000, 0x0000000093e00000|  0%| F|  |TAMS 0x0000000093d00000, 0x0000000093d00000| Untracked 
|  50|0x0000000093e00000, 0x0000000093e00000, 0x0000000093f00000|  0%| F|  |TAMS 0x0000000093e00000, 0x0000000093e00000| Untracked 
|  51|0x0000000093f00000, 0x0000000093f00000, 0x0000000094000000|  0%| F|  |TAMS 0x0000000093f00000, 0x0000000093f00000| Untracked 
|  52|0x0000000094000000, 0x0000000094000000, 0x0000000094100000|  0%| F|  |TAMS 0x0000000094000000, 0x0000000094000000| Untracked 
|  53|0x0000000094100000, 0x0000000094100000, 0x0000000094200000|  0%| F|  |TAMS 0x0000000094100000, 0x0000000094100000| Untracked 
|  54|0x0000000094200000, 0x0000000094200000, 0x0000000094300000|  0%| F|  |TAMS 0x0000000094200000, 0x0000000094200000| Untracked 
|  55|0x0000000094300000, 0x0000000094300000, 0x0000000094400000|  0%| F|  |TAMS 0x0000000094300000, 0x0000000094300000| Untracked 
|  56|0x0000000094400000, 0x0000000094400000, 0x0000000094500000|  0%| F|  |TAMS 0x0000000094400000, 0x0000000094400000| Untracked 
|  57|0x0000000094500000, 0x0000000094500000, 0x0000000094600000|  0%| F|  |TAMS 0x0000000094500000, 0x0000000094500000| Untracked 
|  58|0x0000000094600000, 0x0000000094600000, 0x0000000094700000|  0%| F|  |TAMS 0x0000000094600000, 0x0000000094600000| Untracked 
|  59|0x0000000094700000, 0x0000000094700000, 0x0000000094800000|  0%| F|  |TAMS 0x0000000094700000, 0x0000000094700000| Untracked 
|  60|0x0000000094800000, 0x0000000094800000, 0x0000000094900000|  0%| F|  |TAMS 0x0000000094800000, 0x0000000094800000| Untracked 
|  61|0x0000000094900000, 0x0000000094900000, 0x0000000094a00000|  0%| F|  |TAMS 0x0000000094900000, 0x0000000094900000| Untracked 
|  62|0x0000000094a00000, 0x0000000094a00000, 0x0000000094b00000|  0%| F|  |TAMS 0x0000000094a00000, 0x0000000094a00000| Untracked 
|  63|0x0000000094b00000, 0x0000000094b00000, 0x0000000094c00000|  0%| F|  |TAMS 0x0000000094b00000, 0x0000000094b00000| Untracked 
|  64|0x0000000094c00000, 0x0000000094c00000, 0x0000000094d00000|  0%| F|  |TAMS 0x0000000094c00000, 0x0000000094c00000| Untracked 
|  65|0x0000000094d00000, 0x0000000094d00000, 0x0000000094e00000|  0%| F|  |TAMS 0x0000000094d00000, 0x0000000094d00000| Untracked 
|  66|0x0000000094e00000, 0x0000000094e00000, 0x0000000094f00000|  0%| F|  |TAMS 0x0000000094e00000, 0x0000000094e00000| Untracked 
|  67|0x0000000094f00000, 0x0000000094f00000, 0x0000000095000000|  0%| F|  |TAMS 0x0000000094f00000, 0x0000000094f00000| Untracked 
|  68|0x0000000095000000, 0x0000000095000000, 0x0000000095100000|  0%| F|  |TAMS 0x0000000095000000, 0x0000000095000000| Untracked 
|  69|0x0000000095100000, 0x0000000095100000, 0x0000000095200000|  0%| F|  |TAMS 0x0000000095100000, 0x0000000095100000| Untracked 
|  70|0x0000000095200000, 0x0000000095200000, 0x0000000095300000|  0%| F|  |TAMS 0x0000000095200000, 0x0000000095200000| Untracked 
|  71|0x0000000095300000, 0x0000000095300000, 0x0000000095400000|  0%| F|  |TAMS 0x0000000095300000, 0x0000000095300000| Untracked 
|  72|0x0000000095400000, 0x0000000095400000, 0x0000000095500000|  0%| F|  |TAMS 0x0000000095400000, 0x0000000095400000| Untracked 
|  73|0x0000000095500000, 0x0000000095500000, 0x0000000095600000|  0%| F|  |TAMS 0x0000000095500000, 0x0000000095500000| Untracked 
|  74|0x0000000095600000, 0x0000000095600000, 0x0000000095700000|  0%| F|  |TAMS 0x0000000095600000, 0x0000000095600000| Untracked 
|  75|0x0000000095700000, 0x0000000095700000, 0x0000000095800000|  0%| F|  |TAMS 0x0000000095700000, 0x0000000095700000| Untracked 
|  76|0x0000000095800000, 0x0000000095800000, 0x0000000095900000|  0%| F|  |TAMS 0x0000000095800000, 0x0000000095800000| Untracked 
|  77|0x0000000095900000, 0x0000000095900000, 0x0000000095a00000|  0%| F|  |TAMS 0x0000000095900000, 0x0000000095900000| Untracked 
|  78|0x0000000095a00000, 0x0000000095a00000, 0x0000000095b00000|  0%| F|  |TAMS 0x0000000095a00000, 0x0000000095a00000| Untracked 
|  79|0x0000000095b00000, 0x0000000095b00000, 0x0000000095c00000|  0%| F|  |TAMS 0x0000000095b00000, 0x0000000095b00000| Untracked 
|  80|0x0000000095c00000, 0x0000000095c00000, 0x0000000095d00000|  0%| F|  |TAMS 0x0000000095c00000, 0x0000000095c00000| Untracked 
|  81|0x0000000095d00000, 0x0000000095d00000, 0x0000000095e00000|  0%| F|  |TAMS 0x0000000095d00000, 0x0000000095d00000| Untracked 
|  82|0x0000000095e00000, 0x0000000095e00000, 0x0000000095f00000|  0%| F|  |TAMS 0x0000000095e00000, 0x0000000095e00000| Untracked 
|  83|0x0000000095f00000, 0x0000000095f00000, 0x0000000096000000|  0%| F|  |TAMS 0x0000000095f00000, 0x0000000095f00000| Untracked 
|  84|0x0000000096000000, 0x0000000096000000, 0x0000000096100000|  0%| F|  |TAMS 0x0000000096000000, 0x0000000096000000| Untracked 
|  85|0x0000000096100000, 0x0000000096100000, 0x0000000096200000|  0%| F|  |TAMS 0x0000000096100000, 0x0000000096100000| Untracked 
|  86|0x0000000096200000, 0x0000000096200000, 0x0000000096300000|  0%| F|  |TAMS 0x0000000096200000, 0x0000000096200000| Untracked 
|  87|0x0000000096300000, 0x0000000096300000, 0x0000000096400000|  0%| F|  |TAMS 0x0000000096300000, 0x0000000096300000| Untracked 
|  88|0x0000000096400000, 0x0000000096400000, 0x0000000096500000|  0%| F|  |TAMS 0x0000000096400000, 0x0000000096400000| Untracked 
|  89|0x0000000096500000, 0x0000000096500000, 0x0000000096600000|  0%| F|  |TAMS 0x0000000096500000, 0x0000000096500000| Untracked 
|  90|0x0000000096600000, 0x0000000096600000, 0x0000000096700000|  0%| F|  |TAMS 0x0000000096600000, 0x0000000096600000| Untracked 
|  91|0x0000000096700000, 0x0000000096700000, 0x0000000096800000|  0%| F|  |TAMS 0x0000000096700000, 0x0000000096700000| Untracked 
|  92|0x0000000096800000, 0x0000000096800000, 0x0000000096900000|  0%| F|  |TAMS 0x0000000096800000, 0x0000000096800000| Untracked 
|  93|0x0000000096900000, 0x0000000096900000, 0x0000000096a00000|  0%| F|  |TAMS 0x0000000096900000, 0x0000000096900000| Untracked 
|  94|0x0000000096a00000, 0x0000000096a00000, 0x0000000096b00000|  0%| F|  |TAMS 0x0000000096a00000, 0x0000000096a00000| Untracked 
|  95|0x0000000096b00000, 0x0000000096b00000, 0x0000000096c00000|  0%| F|  |TAMS 0x0000000096b00000, 0x0000000096b00000| Untracked 
|  96|0x0000000096c00000, 0x0000000096c00000, 0x0000000096d00000|  0%| F|  |TAMS 0x0000000096c00000, 0x0000000096c00000| Untracked 
|  97|0x0000000096d00000, 0x0000000096d00000, 0x0000000096e00000|  0%| F|  |TAMS 0x0000000096d00000, 0x0000000096d00000| Untracked 
|  98|0x0000000096e00000, 0x0000000096e00000, 0x0000000096f00000|  0%| F|  |TAMS 0x0000000096e00000, 0x0000000096e00000| Untracked 
|  99|0x0000000096f00000, 0x0000000096f00000, 0x0000000097000000|  0%| F|  |TAMS 0x0000000096f00000, 0x0000000096f00000| Untracked 
| 100|0x0000000097000000, 0x0000000097000000, 0x0000000097100000|  0%| F|  |TAMS 0x0000000097000000, 0x0000000097000000| Untracked 
| 101|0x0000000097100000, 0x0000000097100000, 0x0000000097200000|  0%| F|  |TAMS 0x0000000097100000, 0x0000000097100000| Untracked 
| 102|0x0000000097200000, 0x0000000097200000, 0x0000000097300000|  0%| F|  |TAMS 0x0000000097200000, 0x0000000097200000| Untracked 
| 103|0x0000000097300000, 0x0000000097300000, 0x0000000097400000|  0%| F|  |TAMS 0x0000000097300000, 0x0000000097300000| Untracked 
| 104|0x0000000097400000, 0x00000000974ee098, 0x0000000097500000| 92%| E|  |TAMS 0x0000000097400000, 0x0000000097400000| Complete 
| 105|0x0000000097500000, 0x0000000097600000, 0x0000000097600000|100%| E|CS|TAMS 0x0000000097500000, 0x0000000097500000| Complete 
| 106|0x0000000097600000, 0x0000000097700000, 0x0000000097700000|100%| E|CS|TAMS 0x0000000097600000, 0x0000000097600000| Complete 
| 107|0x0000000097700000, 0x0000000097800000, 0x0000000097800000|100%| E|CS|TAMS 0x0000000097700000, 0x0000000097700000| Complete 
| 108|0x0000000097800000, 0x0000000097900000, 0x0000000097900000|100%| E|CS|TAMS 0x0000000097800000, 0x0000000097800000| Complete 
| 109|0x0000000097900000, 0x0000000097a00000, 0x0000000097a00000|100%| E|CS|TAMS 0x0000000097900000, 0x0000000097900000| Complete 
| 110|0x0000000097a00000, 0x0000000097b00000, 0x0000000097b00000|100%| E|CS|TAMS 0x0000000097a00000, 0x0000000097a00000| Complete 
| 111|0x0000000097b00000, 0x0000000097c00000, 0x0000000097c00000|100%| E|CS|TAMS 0x0000000097b00000, 0x0000000097b00000| Complete 

Card table byte_map: [0x00000246b7460000,0x00000246b77e0000] _byte_map_base: 0x00000246b6fda000

Marking Bits (Prev, Next): (CMBitMap*) 0x00000246a4867bb0, (CMBitMap*) 0x00000246a4867bf0
 Prev Bits: [0x00000246b7b60000, 0x00000246b9730000)
 Next Bits: [0x00000246b9730000, 0x00000246bb300000)

Polling page: 0x00000246a26d0000

Metaspace:

Usage:
  Non-class:     13.03 MB used.
      Class:      1.46 MB used.
       Both:     14.49 MB used.

Virtual space:
  Non-class space:       16.00 MB reserved,      13.12 MB ( 82%) committed,  2 nodes.
      Class space:        1.00 GB reserved,       1.50 MB ( <1%) committed,  1 nodes.
              Both:        1.02 GB reserved,      14.62 MB (  1%) committed. 

Chunk freelists:
   Non-Class:  2.49 MB
       Class:  2.50 MB
        Both:  4.99 MB

MaxMetaspaceSize: 17179869184.00 GB
CompressedClassSpaceSize: 1.00 GB
 - commit_granule_bytes: 65536.
 - commit_granule_words: 8192.
 - virtual_space_node_default_size: 1048576.
 - enlarge_chunks_in_place: 1.
 - new_chunks_are_fully_committed: 0.
 - uncommit_free_chunks: 1.
 - use_allocation_guard: 0.
 - handle_deallocations: 1.


Internal statistics:

num_allocs_failed_limit: 0.
num_arena_births: 124.
num_arena_deaths: 0.
num_vsnodes_births: 3.
num_vsnodes_deaths: 0.
num_space_committed: 234.
num_space_uncommitted: 0.
num_chunks_returned_to_freelist: 0.
num_chunks_taken_from_freelist: 196.
num_chunk_merges: 0.
num_chunk_splits: 103.
num_chunks_enlarged: 45.
num_purges: 0.

CodeHeap 'non-profiled nmethods': size=120000Kb used=213Kb max_used=213Kb free=119786Kb
 bounds [0x00000246af870000, 0x00000246afae0000, 0x00000246b6da0000]
CodeHeap 'profiled nmethods': size=120000Kb used=1178Kb max_used=1178Kb free=118821Kb
 bounds [0x00000246a8340000, 0x00000246a85b0000, 0x00000246af870000]
CodeHeap 'non-nmethods': size=5760Kb used=1248Kb max_used=1262Kb free=4511Kb
 bounds [0x00000246a7da0000, 0x00000246a8010000, 0x00000246a8340000]
 total_blobs=1322 nmethods=759 adapters=476
 compilation: enabled
              stopped_count=0, restarted_count=0
 full_count=0

Compilation events (20 events):
Event: 0.763 Thread 0x00000246be809d00  747       4       java.lang.String::checkBoundsBeginEnd (63 bytes)
Event: 0.763 Thread 0x00000246be80c660 nmethod 750 0x00000246a8464510 code [0x00000246a84646c0, 0x00000246a84648e8]
Event: 0.763 Thread 0x00000246be80c660  752       3       java.lang.invoke.DirectMethodHandle::constructorMethod (10 bytes)
Event: 0.763 Thread 0x00000246be80c660 nmethod 752 0x00000246a8464a10 code [0x00000246a8464bc0, 0x00000246a8464d98]
Event: 0.764 Thread 0x00000246be809d00 nmethod 747 0x00000246af8a4890 code [0x00000246af8a4a20, 0x00000246af8a4ad8]
Event: 0.764 Thread 0x00000246be80c660  753       1       java.awt.image.Raster::getWidth (5 bytes)
Event: 0.764 Thread 0x00000246be80c660 nmethod 753 0x00000246af8a4b90 code [0x00000246af8a4d20, 0x00000246af8a4df8]
Event: 0.764 Thread 0x00000246be80c660  754       1       java.awt.image.Raster::getHeight (5 bytes)
Event: 0.764 Thread 0x00000246be80c660 nmethod 754 0x00000246af8a4e90 code [0x00000246af8a5020, 0x00000246af8a50f8]
Event: 0.765 Thread 0x00000246be80c660  755   !   3       javax.swing.UIManager::maybeInitialize (36 bytes)
Event: 0.765 Thread 0x00000246be80c660 nmethod 755 0x00000246a8464e90 code [0x00000246a8465060, 0x00000246a8465328]
Event: 0.765 Thread 0x00000246be809d00  756       4       java.lang.String::toString (2 bytes)
Event: 0.765 Thread 0x00000246be80c660  757       3       javax.swing.UIManager::getDefaults (10 bytes)
Event: 0.765 Thread 0x00000246be80c660 nmethod 757 0x00000246a8465510 code [0x00000246a84656c0, 0x00000246a84657f8]
Event: 0.765 Thread 0x00000246be809d00 nmethod 756 0x00000246af8a5190 code [0x00000246af8a5300, 0x00000246af8a5378]
Event: 0.770 Thread 0x00000246be80c660  758       3       jdk.internal.org.objectweb.asm.Type::getDescriptor (93 bytes)
Event: 0.770 Thread 0x00000246be80c660 nmethod 758 0x00000246a8465910 code [0x00000246a8465b80, 0x00000246a8466308]
Event: 0.770 Thread 0x00000246be80c660  759       3       jdk.internal.reflect.MagicAccessorImpl::<init> (5 bytes)
Event: 0.771 Thread 0x00000246be80c660 nmethod 759 0x00000246a8466590 code [0x00000246a8466740, 0x00000246a8466898]
Event: 0.772 Thread 0x00000246be80c660  760       3       javax.swing.UIDefaults$TextAndMnemonicHashMap::get (358 bytes)

GC Heap History (0 events):
No events

Deoptimization events (20 events):
Event: 0.602 Thread 0x00000246be97bf40 Uncommon trap: trap_request=0xffffffde fr.pc=0x00000246af88ecb8 relative=0x0000000000000198
Event: 0.602 Thread 0x00000246be97bf40 Uncommon trap: reason=class_check action=maybe_recompile pc=0x00000246af88ecb8 method=java.lang.String.equals(Ljava/lang/Object;)Z @ 8 c2
Event: 0.602 Thread 0x00000246be97bf40 DEOPT PACKING pc=0x00000246af88ecb8 sp=0x000000f7900fe090
Event: 0.602 Thread 0x00000246be97bf40 DEOPT UNPACKING pc=0x00000246a7ded72e sp=0x000000f7900fe038 mode 2
Event: 0.605 Thread 0x00000246be97bf40 Uncommon trap: trap_request=0xffffffde fr.pc=0x00000246af88ecb8 relative=0x0000000000000198
Event: 0.605 Thread 0x00000246be97bf40 Uncommon trap: reason=class_check action=maybe_recompile pc=0x00000246af88ecb8 method=java.lang.String.equals(Ljava/lang/Object;)Z @ 8 c2
Event: 0.605 Thread 0x00000246be97bf40 DEOPT PACKING pc=0x00000246af88ecb8 sp=0x000000f7900fe160
Event: 0.605 Thread 0x00000246be97bf40 DEOPT UNPACKING pc=0x00000246a7ded72e sp=0x000000f7900fe108 mode 2
Event: 0.605 Thread 0x00000246be97bf40 Uncommon trap: trap_request=0xffffffde fr.pc=0x00000246af88ecb8 relative=0x0000000000000198
Event: 0.605 Thread 0x00000246be97bf40 Uncommon trap: reason=class_check action=maybe_recompile pc=0x00000246af88ecb8 method=java.lang.String.equals(Ljava/lang/Object;)Z @ 8 c2
Event: 0.605 Thread 0x00000246be97bf40 DEOPT PACKING pc=0x00000246af88ecb8 sp=0x000000f7900fe080
Event: 0.605 Thread 0x00000246be97bf40 DEOPT UNPACKING pc=0x00000246a7ded72e sp=0x000000f7900fe028 mode 2
Event: 0.606 Thread 0x00000246be97bf40 Uncommon trap: trap_request=0xffffffde fr.pc=0x00000246af88ecb8 relative=0x0000000000000198
Event: 0.606 Thread 0x00000246be97bf40 Uncommon trap: reason=class_check action=maybe_recompile pc=0x00000246af88ecb8 method=java.lang.String.equals(Ljava/lang/Object;)Z @ 8 c2
Event: 0.606 Thread 0x00000246be97bf40 DEOPT PACKING pc=0x00000246af88ecb8 sp=0x000000f7900fe1c0
Event: 0.606 Thread 0x00000246be97bf40 DEOPT UNPACKING pc=0x00000246a7ded72e sp=0x000000f7900fe168 mode 2
Event: 0.725 Thread 0x00000246be97bf40 Uncommon trap: trap_request=0xffffff45 fr.pc=0x00000246af89f074 relative=0x00000000000003d4
Event: 0.725 Thread 0x00000246be97bf40 Uncommon trap: reason=unstable_if action=reinterpret pc=0x00000246af89f074 method=java.lang.StringLatin1.newString([BII)Ljava/lang/String; @ 1 c2
Event: 0.725 Thread 0x00000246be97bf40 DEOPT PACKING pc=0x00000246af89f074 sp=0x000000f7900fe880
Event: 0.725 Thread 0x00000246be97bf40 DEOPT UNPACKING pc=0x00000246a7ded72e sp=0x000000f7900fe860 mode 2

Classes unloaded (0 events):
No events

Classes redefined (0 events):
No events

Internal exceptions (16 events):
Event: 0.163 Thread 0x00000246a4827fd0 Exception <a 'java/lang/NoSuchMethodError'{0x0000000097a351c0}: 'void java.lang.invoke.DirectMethodHandle$Holder.invokeSpecial(java.lang.Object, java.lang.Object, java.lang.Object)'> (0x0000000097a351c0) 
thrown [t:\workspace\open\src\hotspot\share\interpreter\linkResolver.cpp, line 790]
Event: 0.200 Thread 0x00000246a4827fd0 Exception <a 'java/lang/ClassNotFoundException'{0x0000000097a558e0}: sun/awt/resources/spi/awtProvider> (0x0000000097a558e0) 
thrown [t:\workspace\open\src\hotspot\share\classfile\systemDictionary.cpp, line 256]
Event: 0.239 Thread 0x00000246a4827fd0 Exception <a 'java/io/FileNotFoundException'{0x0000000097ab0fd8}> (0x0000000097ab0fd8) 
thrown [t:\workspace\open\src\hotspot\share\prims\jni.cpp, line 579]
Event: 0.249 Thread 0x00000246a4827fd0 Exception <a 'java/io/FileNotFoundException'{0x0000000097adf9c0}> (0x0000000097adf9c0) 
thrown [t:\workspace\open\src\hotspot\share\prims\jni.cpp, line 579]
Event: 0.250 Thread 0x00000246a4827fd0 Exception <a 'java/lang/NoSuchMethodError'{0x0000000097ae0cf8}: 'java.lang.Object java.lang.invoke.DirectMethodHandle$Holder.invokeStatic(java.lang.Object)'> (0x0000000097ae0cf8) 
thrown [t:\workspace\open\src\hotspot\share\interpreter\linkResolver.cpp, line 790]
Event: 0.292 Thread 0x00000246a4827fd0 Exception <a 'java/lang/NoSuchMethodError'{0x00000000979225d0}: 'java.lang.Object java.lang.invoke.DirectMethodHandle$Holder.invokeStaticInit(java.lang.Object)'> (0x00000000979225d0) 
thrown [t:\workspace\open\src\hotspot\share\interpreter\linkResolver.cpp, line 790]
Event: 0.435 Thread 0x00000246be97bf40 Exception <a 'java/lang/NoSuchMethodError'{0x000000009786c740}: 'java.lang.Object java.lang.invoke.DirectMethodHandle$Holder.newInvokeSpecial(java.lang.Object, java.lang.Object, java.lang.Object, java.lang.Object, java.lang.Object)'> (0x000000009786c740) 
thrown [t:\workspace\open\src\hotspot\share\interpreter\linkResolver.cpp, line 790]
Event: 0.437 Thread 0x00000246be97bf40 Exception <a 'java/lang/NoSuchMethodError'{0x0000000097878470}: 'java.lang.Object java.lang.invoke.DirectMethodHandle$Holder.invokeStatic(java.lang.Object, int, java.lang.Object, java.lang.Object, java.lang.Object, java.lang.Object)'> (0x0000000097878470) 
thrown [t:\workspace\open\src\hotspot\share\interpreter\linkResolver.cpp, line 790]
Event: 0.442 Thread 0x00000246be97bf40 Exception <a 'java/lang/NoSuchMethodError'{0x000000009789e538}: 'java.lang.Object java.lang.invoke.DirectMethodHandle$Holder.invokeStatic(java.lang.Object, int, java.lang.Object)'> (0x000000009789e538) 
thrown [t:\workspace\open\src\hotspot\share\interpreter\linkResolver.cpp, line 790]
Event: 0.469 Thread 0x00000246be97bf40 Exception <a 'java/lang/ClassNotFoundException'{0x0000000097756f18}: com/sun/swing/internal/plaf/metal/resources/spi/metalProvider> (0x0000000097756f18) 
thrown [t:\workspace\open\src\hotspot\share\classfile\systemDictionary.cpp, line 256]
Event: 0.470 Thread 0x00000246be97bf40 Exception <a 'java/lang/ClassNotFoundException'{0x000000009775b390}: com/sun/swing/internal/plaf/basic/resources/spi/basicProvider> (0x000000009775b390) 
thrown [t:\workspace\open\src\hotspot\share\classfile\systemDictionary.cpp, line 256]
Event: 0.507 Thread 0x00000246be97a4b0 Exception <a 'java/lang/NoSuchMethodError'{0x0000000097985cd8}: 'void java.lang.invoke.DirectMethodHandle$Holder.invokeVirtual(java.lang.Object, java.lang.Object)'> (0x0000000097985cd8) 
thrown [t:\workspace\open\src\hotspot\share\interpreter\linkResolver.cpp, line 790]
Event: 0.629 Thread 0x00000246be97bf40 Exception <a 'java/lang/NoSuchMethodError'{0x0000000097633320}: 'void java.lang.invoke.DirectMethodHandle$Holder.invokeStaticInit(java.lang.Object)'> (0x0000000097633320) 
thrown [t:\workspace\open\src\hotspot\share\interpreter\linkResolver.cpp, line 790]
Event: 0.732 Thread 0x00000246be97bf40 Exception <a 'java/lang/NoSuchMethodError'{0x00000000975bf678}: 'void java.lang.invoke.DirectMethodHandle$Holder.invokeStatic(java.lang.Object, java.lang.Object, java.lang.Object)'> (0x00000000975bf678) 
thrown [t:\workspace\open\src\hotspot\share\interpreter\linkResolver.cpp, line 790]
Event: 0.733 Thread 0x00000246be97bf40 Exception <a 'java/lang/NoSuchMethodError'{0x00000000975c5fd0}: 'void java.lang.invoke.DirectMethodHandle$Holder.invokeStatic(java.lang.Object, java.lang.Object)'> (0x00000000975c5fd0) 
thrown [t:\workspace\open\src\hotspot\share\interpreter\linkResolver.cpp, line 790]
Event: 0.751 Thread 0x00000246be97c490 Exception <a 'java/lang/NoSuchMethodError'{0x00000000975fcd48}: 'java.lang.Object java.lang.invoke.DirectMethodHandle$Holder.newInvokeSpecial(java.lang.Object, java.lang.Object, java.lang.Object, int, int, int, int, int)'> (0x00000000975fcd48) 
thrown [t:\workspace\open\src\hotspot\share\interpreter\linkResolver.cpp, line 790]

Events (20 events):
Event: 0.786 loading class javax/swing/ToolTipManager$insideTimerAction done
Event: 0.786 loading class javax/swing/Timer$DoPostEvent
Event: 0.786 loading class javax/swing/Timer$DoPostEvent done
Event: 0.786 loading class javax/swing/ToolTipManager$outsideTimerAction
Event: 0.786 loading class javax/swing/ToolTipManager$outsideTimerAction done
Event: 0.786 loading class javax/swing/ToolTipManager$stillInsideTimerAction
Event: 0.786 loading class javax/swing/ToolTipManager$stillInsideTimerAction done
Event: 0.786 loading class javax/swing/ToolTipManager$MoveBeforeEnterListener
Event: 0.786 loading class java/awt/event/MouseMotionAdapter
Event: 0.786 loading class java/awt/event/MouseMotionAdapter done
Event: 0.786 loading class javax/swing/ToolTipManager$MoveBeforeEnterListener done
Event: 0.786 loading class javax/swing/ToolTipManager$AccessibilityKeyListener
Event: 0.787 loading class javax/swing/ToolTipManager$AccessibilityKeyListener done
Event: 0.787 loading class javax/swing/DefaultListSelectionModel
Event: 0.787 loading class javax/swing/ListSelectionModel
Event: 0.787 loading class javax/swing/ListSelectionModel done
Event: 0.787 loading class javax/swing/DefaultListSelectionModel done
Event: 0.787 loading class java/util/BitSet
Event: 0.788 loading class java/util/BitSet done
Event: 0.788 loading class javax/swing/plaf/basic/BasicListUI


Dynamic libraries:
0x00007ff72b1a0000 - 0x00007ff72b1ae000 	C:\Users\Asus\.p2\pool\plugins\org.eclipse.justj.openjdk.hotspot.jre.full.win32.x86_64_16.0.1.v20210528-1205\jre\bin\javaw.exe
0x00007ff90ecd0000 - 0x00007ff90eec5000 	C:\Windows\SYSTEM32\ntdll.dll
0x00007ff90dae0000 - 0x00007ff90db9d000 	C:\Windows\System32\KERNEL32.DLL
0x00007ff90c500000 - 0x00007ff90c7c9000 	C:\Windows\System32\KERNELBASE.dll
0x00007ff90c980000 - 0x00007ff90ca80000 	C:\Windows\System32\ucrtbase.dll
0x00007ff905160000 - 0x00007ff905179000 	C:\Users\Asus\.p2\pool\plugins\org.eclipse.justj.openjdk.hotspot.jre.full.win32.x86_64_16.0.1.v20210528-1205\jre\bin\VCRUNTIME140.dll
0x00007ff905260000 - 0x00007ff905278000 	C:\Users\Asus\.p2\pool\plugins\org.eclipse.justj.openjdk.hotspot.jre.full.win32.x86_64_16.0.1.v20210528-1205\jre\bin\jli.dll
0x00007ff90dcf0000 - 0x00007ff90de90000 	C:\Windows\System32\USER32.dll
0x00007ff8fa6f0000 - 0x00007ff8fa98a000 	C:\Windows\WinSxS\amd64_microsoft.windows.common-controls_6595b64144ccf1df_6.0.19041.1110_none_60b5254171f9507e\COMCTL32.dll
0x00007ff90cc00000 - 0x00007ff90cc22000 	C:\Windows\System32\win32u.dll
0x00007ff90dc50000 - 0x00007ff90dcee000 	C:\Windows\System32\msvcrt.dll
0x00007ff90d550000 - 0x00007ff90d57a000 	C:\Windows\System32\GDI32.dll
0x00007ff90cc30000 - 0x00007ff90cd3b000 	C:\Windows\System32\gdi32full.dll
0x00007ff90cb60000 - 0x00007ff90cbfd000 	C:\Windows\System32\msvcp_win.dll
0x00007ff90d2d0000 - 0x00007ff90d300000 	C:\Windows\System32\IMM32.DLL
0x00007ff906370000 - 0x00007ff90637c000 	C:\Users\Asus\.p2\pool\plugins\org.eclipse.justj.openjdk.hotspot.jre.full.win32.x86_64_16.0.1.v20210528-1205\jre\bin\vcruntime140_1.dll
0x00007ff8f18d0000 - 0x00007ff8f1961000 	C:\Users\Asus\.p2\pool\plugins\org.eclipse.justj.openjdk.hotspot.jre.full.win32.x86_64_16.0.1.v20210528-1205\jre\bin\msvcp140.dll
0x00007ff8dbc60000 - 0x00007ff8dc80b000 	C:\Users\Asus\.p2\pool\plugins\org.eclipse.justj.openjdk.hotspot.jre.full.win32.x86_64_16.0.1.v20210528-1205\jre\bin\server\jvm.dll
0x00007ff90df10000 - 0x00007ff90dfbc000 	C:\Windows\System32\ADVAPI32.dll
0x00007ff90cd40000 - 0x00007ff90cddb000 	C:\Windows\System32\sechost.dll
0x00007ff90d300000 - 0x00007ff90d42a000 	C:\Windows\System32\RPCRT4.dll
0x00007ff90d580000 - 0x00007ff90d588000 	C:\Windows\System32\PSAPI.DLL
0x00007ff907340000 - 0x00007ff907349000 	C:\Windows\SYSTEM32\WSOCK32.dll
0x00007ff9032e0000 - 0x00007ff903307000 	C:\Windows\SYSTEM32\WINMM.dll
0x00007ff90d190000 - 0x00007ff90d1fb000 	C:\Windows\System32\WS2_32.dll
0x00007ff905590000 - 0x00007ff90559a000 	C:\Windows\SYSTEM32\VERSION.dll
0x00007ff90a340000 - 0x00007ff90a352000 	C:\Windows\SYSTEM32\kernel.appcore.dll
0x00007ff908380000 - 0x00007ff90838a000 	C:\Users\Asus\.p2\pool\plugins\org.eclipse.justj.openjdk.hotspot.jre.full.win32.x86_64_16.0.1.v20210528-1205\jre\bin\jimage.dll
0x00007ff8f4700000 - 0x00007ff8f48e4000 	C:\Windows\SYSTEM32\DBGHELP.DLL
0x00007ff8f49f0000 - 0x00007ff8f4a1c000 	C:\Windows\SYSTEM32\dbgcore.DLL
0x00007ff90c410000 - 0x00007ff90c493000 	C:\Windows\System32\bcryptPrimitives.dll
0x00007ff900b30000 - 0x00007ff900b55000 	C:\Users\Asus\.p2\pool\plugins\org.eclipse.justj.openjdk.hotspot.jre.full.win32.x86_64_16.0.1.v20210528-1205\jre\bin\java.dll
0x00007ff908150000 - 0x00007ff908168000 	C:\Users\Asus\.p2\pool\plugins\org.eclipse.justj.openjdk.hotspot.jre.full.win32.x86_64_16.0.1.v20210528-1205\jre\bin\zip.dll
0x00007ff90e020000 - 0x00007ff90e75f000 	C:\Windows\System32\SHELL32.dll
0x00007ff90a540000 - 0x00007ff90acd1000 	C:\Windows\SYSTEM32\windows.storage.dll
0x00007ff90d770000 - 0x00007ff90dac5000 	C:\Windows\System32\combase.dll
0x00007ff90be10000 - 0x00007ff90be3c000 	C:\Windows\SYSTEM32\Wldp.dll
0x00007ff90d0e0000 - 0x00007ff90d18e000 	C:\Windows\System32\SHCORE.dll
0x00007ff90ec30000 - 0x00007ff90ec85000 	C:\Windows\System32\shlwapi.dll
0x00007ff90c350000 - 0x00007ff90c36f000 	C:\Windows\SYSTEM32\profapi.dll
0x00007ff8e7360000 - 0x00007ff8e74df000 	C:\Users\Asus\.p2\pool\plugins\org.eclipse.justj.openjdk.hotspot.jre.full.win32.x86_64_16.0.1.v20210528-1205\jre\bin\awt.dll
0x00007ff90d200000 - 0x00007ff90d2cd000 	C:\Windows\System32\OLEAUT32.dll
0x00007ff909cc0000 - 0x00007ff909d50000 	C:\Windows\SYSTEM32\apphelp.dll
0x00007ff909e80000 - 0x00007ff909f1e000 	C:\Windows\system32\uxtheme.dll
0x00007ff90d430000 - 0x00007ff90d545000 	C:\Windows\System32\MSCTF.dll
0x00007ff90cfb0000 - 0x00007ff90d0da000 	C:\Windows\System32\ole32.dll
0x00007ff90a050000 - 0x00007ff90a07f000 	C:\Windows\system32\DWMAPI.DLL
0x00007ff8de510000 - 0x00007ff8de635000 	C:\Windows\system32\opengl32.dll
0x00007ff900920000 - 0x00007ff90094c000 	C:\Windows\SYSTEM32\GLU32.dll
0x00007ff8ffe40000 - 0x00007ff90000e000 	C:\Windows\system32\d3d9.dll
0x00007ff902f20000 - 0x00007ff9030fb000 	C:\Windows\System32\DriverStore\FileRepository\u0358400.inf_amd64_d42706c82ef44182\B358199\aticfx64.dll
0x00007ff8fdce0000 - 0x00007ff8fdd13000 	C:\Windows\System32\DriverStore\FileRepository\u0358400.inf_amd64_d42706c82ef44182\B358199\atiu9p64.dll
0x00007ff8ca7e0000 - 0x00007ff8cb476000 	C:\Windows\System32\DriverStore\FileRepository\u0358400.inf_amd64_d42706c82ef44182\B358199\atiumd64.dll
0x000000005e820000 - 0x000000005f69d000 	C:\Windows\System32\DriverStore\FileRepository\u0358400.inf_amd64_d42706c82ef44182\B358199\atiumd6a.dll
0x00007ff90bfb0000 - 0x00007ff90bffb000 	C:\Windows\SYSTEM32\POWRPROF.dll
0x00007ff90bf90000 - 0x00007ff90bfa2000 	C:\Windows\SYSTEM32\UMPDC.dll
0x00007ff9012a0000 - 0x00007ff9012cf000 	C:\Windows\SYSTEM32\amdihk64.dll
0x00007ff903310000 - 0x00007ff90334b000 	C:\Windows\SYSTEM32\dxcore.dll
0x00007ff90c930000 - 0x00007ff90c97e000 	C:\Windows\System32\cfgmgr32.dll
0x00007ff8e14a0000 - 0x00007ff8e1529000 	C:\Users\Asus\.p2\pool\plugins\org.eclipse.justj.openjdk.hotspot.jre.full.win32.x86_64_16.0.1.v20210528-1205\jre\bin\freetype.dll
0x00007ff8dfc40000 - 0x00007ff8dfd36000 	C:\Users\Asus\.p2\pool\plugins\org.eclipse.justj.openjdk.hotspot.jre.full.win32.x86_64_16.0.1.v20210528-1205\jre\bin\harfbuzz.dll
0x00007ff9063a0000 - 0x00007ff9063b2000 	C:\Users\Asus\.p2\pool\plugins\org.eclipse.justj.openjdk.hotspot.jre.full.win32.x86_64_16.0.1.v20210528-1205\jre\bin\fontmanager.dll
0x00007ff9067f0000 - 0x00007ff906809000 	C:\Users\Asus\.p2\pool\plugins\org.eclipse.justj.openjdk.hotspot.jre.full.win32.x86_64_16.0.1.v20210528-1205\jre\bin\net.dll
0x00007ff8ffb70000 - 0x00007ff8ffc7a000 	C:\Windows\SYSTEM32\WINHTTP.dll
0x00007ff90bb70000 - 0x00007ff90bbda000 	C:\Windows\system32\mswsock.dll
0x00007ff905390000 - 0x00007ff9053a3000 	C:\Users\Asus\.p2\pool\plugins\org.eclipse.justj.openjdk.hotspot.jre.full.win32.x86_64_16.0.1.v20210528-1205\jre\bin\nio.dll
0x00007ff8fb540000 - 0x00007ff8fb639000 	C:\Windows\SYSTEM32\textinputframework.dll
0x00007ff909710000 - 0x00007ff909a6e000 	C:\Windows\System32\CoreUIComponents.dll
0x00007ff909a70000 - 0x00007ff909b62000 	C:\Windows\System32\CoreMessaging.dll
0x00007ff90b140000 - 0x00007ff90b173000 	C:\Windows\SYSTEM32\ntmarta.dll
0x00007ff909040000 - 0x00007ff909194000 	C:\Windows\SYSTEM32\wintypes.dll

dbghelp: loaded successfully - version: 4.0.5 - missing functions: none
symbol engine: initialized successfully - sym options: 0x614 - pdb path: .;C:\Users\Asus\.p2\pool\plugins\org.eclipse.justj.openjdk.hotspot.jre.full.win32.x86_64_16.0.1.v20210528-1205\jre\bin;C:\Windows\SYSTEM32;C:\Windows\WinSxS\amd64_microsoft.windows.common-controls_6595b64144ccf1df_6.0.19041.1110_none_60b5254171f9507e;C:\Users\Asus\.p2\pool\plugins\org.eclipse.justj.openjdk.hotspot.jre.full.win32.x86_64_16.0.1.v20210528-1205\jre\bin\server;C:\Windows\System32\DriverStore\FileRepository\u0358400.inf_amd64_d42706c82ef44182\B358199

VM Arguments:
jvm_args: -Dfile.encoding=MS874 -XX:+ShowCodeDetailsInExceptionMessages 
java_command: WinBuilder.WinBuilder
java_class_path (initial): C:\Users\Asus\eclipse-workspace\Program gas\bin
Launcher Type: SUN_STANDARD

[Global flags]
     intx CICompilerCount                          = 4                                         {product} {ergonomic}
     uint ConcGCThreads                            = 2                                         {product} {ergonomic}
     uint G1ConcRefinementThreads                  = 8                                         {product} {ergonomic}
   size_t G1HeapRegionSize                         = 1048576                                   {product} {ergonomic}
    uintx GCDrainStackTargetSize                   = 64                                        {product} {ergonomic}
   size_t InitialHeapSize                          = 117440512                                 {product} {ergonomic}
   size_t MarkStackSize                            = 4194304                                   {product} {ergonomic}
   size_t MaxHeapSize                              = 1866465280                                {product} {ergonomic}
   size_t MaxNewSize                               = 1119879168                                {product} {ergonomic}
   size_t MinHeapDeltaBytes                        = 1048576                                   {product} {ergonomic}
   size_t MinHeapSize                              = 8388608                                   {product} {ergonomic}
    uintx NonNMethodCodeHeapSize                   = 5839372                                {pd product} {ergonomic}
    uintx NonProfiledCodeHeapSize                  = 122909434                              {pd product} {ergonomic}
    uintx ProfiledCodeHeapSize                     = 122909434                              {pd product} {ergonomic}
    uintx ReservedCodeCacheSize                    = 251658240                              {pd product} {ergonomic}
     bool SegmentedCodeCache                       = true                                      {product} {ergonomic}
     bool ShowCodeDetailsInExceptionMessages       = true                                   {manageable} {command line}
   size_t SoftMaxHeapSize                          = 1866465280                             {manageable} {ergonomic}
     bool UseCompressedClassPointers               = true                           {product lp64_product} {ergonomic}
     bool UseCompressedOops                        = true                           {product lp64_product} {ergonomic}
     bool UseG1GC                                  = true                                      {product} {ergonomic}
     bool UseLargePagesIndividualAllocation        = false                                  {pd product} {ergonomic}

Logging:
Log output configuration:
 #0: stdout all=warning uptime,level,tags
 #1: stderr all=off uptime,level,tags

Environment Variables:
PATH=C:/Users/Asus/.p2/pool/plugins/org.eclipse.justj.openjdk.hotspot.jre.full.win32.x86_64_16.0.1.v20210528-1205/jre/bin/server;C:/Users/Asus/.p2/pool/plugins/org.eclipse.justj.openjdk.hotspot.jre.full.win32.x86_64_16.0.1.v20210528-1205/jre/bin;C:\Windows\system32;C:\Windows;C:\Windows\System32\Wbem;C:\Windows\System32\WindowsPowerShell\v1.0\;C:\Windows\System32\OpenSSH\;C:\Program Files (x86)\Java\jdk1.6.0\bin;C:\MinGW\bin;C:\Program Files (x86)\Microsoft SQL Server\150\DTS\Binn\;C:\Program Files\Azure Data Studio\bin;C:\Users\Asus\AppData\Local\Programs\Python\Python38\Scripts\;C:\Users\Asus\AppData\Local\Programs\Python\Python38\;C:\Users\Asus\AppData\Local\Microsoft\WindowsApps;C:\Users\Asus\AppData\Local\Programs\Microsoft VS Code\bin;C:\Program Files (x86)\Java\jdk1.6.0\bin;;C:\Program Files\JetBrains\CLion 2021.1.2\bin;;C:\Program Files\Azure Data Studio\bin;C:\Users\Asus\eclipse\java-2021-06\eclipse;
USERNAME=Asus
OS=Windows_NT
PROCESSOR_IDENTIFIER=AMD64 Family 23 Model 17 Stepping 0, AuthenticAMD



---------------  S Y S T E M  ---------------

OS:
 Windows 10 , 64 bit Build 19041 (10.0.19041.1023)
OS uptime: 28 days 0:22 hours

CPU: total 8 (initial active 8) (8 cores per cpu, 2 threads per core) family 23 model 17 stepping 0 microcode 0x0, cx8, cmov, fxsr, ht, mmx, 3dnowpref, sse, sse2, sse3, ssse3, sse4a, sse4.1, sse4.2, popcnt, lzcnt, tsc, tscinvbit, avx, avx2, aes, clmul, bmi1, bmi2, adx, sha, fma, vzeroupper, clflush, clflushopt

Memory: 4k page, system-wide physical 7116M (796M free)
TotalPageFile size 21348M (AvailPageFile size 4M)
current process WorkingSet (physical memory assigned to process): 72M, peak: 72M
current process commit charge ("private bytes"): 218M, peak: 218M

vm_info: OpenJDK 64-Bit Server VM (16.0.1+9-24) for windows-amd64 JRE (16.0.1+9-24), built on Mar 26 2021 19:30:07 by "mach5one" with MS VC++ 16.7 (VS2019)

END.
